<?xml version="1.0" encoding="UTF-8"?>
<testsuite xmlns:xsi="http://www.w3.org/2001/XMLSchema-instance" xsi:noNamespaceSchemaLocation="https://maven.apache.org/surefire/maven-surefire-plugin/xsd/surefire-test-report.xsd" name="za.co.nicolas.pocker.DeckTest" time="0.002" tests="10" errors="0" skipped="0" failures="0">
  <properties>
[...]
</properties>
  <testcase name="testEquals1" classname="za.co.nicolas.pocker.DeckTest" time="0"/>
  <testcase name="testEquals2" classname="za.co.nicolas.pocker.DeckTest" time="0"/>
  <testcase name="testEquals3" classname="za.co.nicolas.pocker.DeckTest" time="0"/>
  <testcase name="testEquals4" classname="za.co.nicolas.pocker.DeckTest" time="0"/>
  <testcase name="testEquals5" classname="za.co.nicolas.pocker.DeckTest" time="0"/>
  <testcase name="testEquals6" classname="za.co.nicolas.pocker.DeckTest" time="0"/>
  <testcase name="testDeckConstructor" classname="za.co.nicolas.pocker.DeckTest" time="0"/>
  <testcase name="testDeckToString" classname="za.co.nicolas.pocker.DeckTest" time="0"/>
  <testcase name="testDealHand" classname="za.co.nicolas.pocker.DeckTest" time="0"/>
  <testcase name="testShuffle" classname="za.co.nicolas.pocker.DeckTest" time="0"/>
</testsuite>