<?xml version="1.0" encoding="UTF-8"?>
<testsuite xmlns:xsi="http://www.w3.org/2001/XMLSchema-instance" xsi:noNamespaceSchemaLocation="https://maven.apache.org/surefire/maven-surefire-plugin/xsd/surefire-test-report.xsd" name="za.co.nicolas.pocker.HandTest" time="0.068" tests="24" errors="0" skipped="0" failures="0">
  <properties>
[...]
</properties>
  <testcase name="testFullHouse1" classname="za.co.nicolas.pocker.HandTest" time="0.008"/>
  <testcase name="testFullHouse2" classname="za.co.nicolas.pocker.HandTest" time="0"/>
  <testcase name="testFullHouse3" classname="za.co.nicolas.pocker.HandTest" time="0.001"/>
  <testcase name="testFullHouse4" classname="za.co.nicolas.pocker.HandTest" time="0.001"/>
  <testcase name="testTwoPair1" classname="za.co.nicolas.pocker.HandTest" time="0.001"/>
  <testcase name="testTwoPair2" classname="za.co.nicolas.pocker.HandTest" time="0"/>
  <testcase name="testTwoPair3" classname="za.co.nicolas.pocker.HandTest" time="0.001"/>
  <testcase name="testTwoPair4" classname="za.co.nicolas.pocker.HandTest" time="0"/>
  <testcase name="testGetCards" classname="za.co.nicolas.pocker.HandTest" time="0.004"/>
  <testcase name="testPair1" classname="za.co.nicolas.pocker.HandTest" time="0.016"/>
  <testcase name="testPair2" classname="za.co.nicolas.pocker.HandTest" time="0"/>
  <testcase name="testPair3" classname="za.co.nicolas.pocker.HandTest" time="0.001"/>
  <testcase name="testIsFlush1" classname="za.co.nicolas.pocker.HandTest" time="0.002"/>
  <testcase name="testIsFlush2" classname="za.co.nicolas.pocker.HandTest" time="0"/>
  <testcase name="testIsStright1" classname="za.co.nicolas.pocker.HandTest" time="0.001"/>
  <testcase name="testIsStright2" classname="za.co.nicolas.pocker.HandTest" time="0.001"/>
  <testcase name="testFourOfAKind1" classname="za.co.nicolas.pocker.HandTest" time="0"/>
  <testcase name="testFourOfAKind2" classname="za.co.nicolas.pocker.HandTest" time="0.001"/>
  <testcase name="testFourOfAKind3" classname="za.co.nicolas.pocker.HandTest" time="0.001"/>
  <testcase name="testHasAces1" classname="za.co.nicolas.pocker.HandTest" time="0.001"/>
  <testcase name="testHasAces2" classname="za.co.nicolas.pocker.HandTest" time="0.001"/>
  <testcase name="testIsStraightFlush1" classname="za.co.nicolas.pocker.HandTest" time="0.001"/>
  <testcase name="testIsStraightFlush2" classname="za.co.nicolas.pocker.HandTest" time="0.001"/>
  <testcase name="testIsStraightFlush3" classname="za.co.nicolas.pocker.HandTest" time="0"/>
</testsuite>